INFO: [VRFC 10-2263] Analyzing Verilog file "F:/DAKSHA/CommSrcs/FPGA/CZT/CZT.sim/sim_1/impl/func/xsim/glbl.v" into library xil_defaultlib
INFO: [VRFC 10-311] analyzing module glbl
INFO: [VRFC 10-163] Analyzing VHDL file "F:/DAKSHA/CommSrcs/FPGA/CZT/CZT.sim/sim_1/impl/func/xsim/BD_wo_axi_wrapper_func_impl.vhd" into library xil_defaultlib
INFO: [VRFC 10-3107] analyzing entity 'dmem'
INFO: [VRFC 10-3107] analyzing entity 'dmem_14'
INFO: [VRFC 10-3107] analyzing entity 'ltlib_v1_0_0_bscan'
INFO: [VRFC 10-3107] analyzing entity 'ltlib_v1_0_0_generic_mux'
INFO: [VRFC 10-3107] analyzing entity 'rd_bin_cntr'
INFO: [VRFC 10-3107] analyzing entity 'rd_bin_cntr_19'
INFO: [VRFC 10-3107] analyzing entity 'rd_fwft'
INFO: [VRFC 10-3107] analyzing entity 'rd_handshaking_flags'
INFO: [VRFC 10-3107] analyzing entity '\rd_handshaking_flags__parameterized0\'
INFO: [VRFC 10-3107] analyzing entity 'rd_status_flags_as'
INFO: [VRFC 10-3107] analyzing entity 'rd_status_flags_as_18'
INFO: [VRFC 10-3107] analyzing entity 'synchronizer_ff'
INFO: [VRFC 10-3107] analyzing entity 'synchronizer_ff_10'
INFO: [VRFC 10-3107] analyzing entity 'synchronizer_ff_11'
INFO: [VRFC 10-3107] analyzing entity 'synchronizer_ff_12'
INFO: [VRFC 10-3107] analyzing entity 'synchronizer_ff_13'
INFO: [VRFC 10-3107] analyzing entity 'synchronizer_ff_2'
INFO: [VRFC 10-3107] analyzing entity 'synchronizer_ff_3'
INFO: [VRFC 10-3107] analyzing entity 'synchronizer_ff_4'
INFO: [VRFC 10-3107] analyzing entity '\synchronizer_ff__parameterized0\'
INFO: [VRFC 10-3107] analyzing entity '\synchronizer_ff__parameterized0_20\'
INFO: [VRFC 10-3107] analyzing entity '\synchronizer_ff__parameterized0_21\'
INFO: [VRFC 10-3107] analyzing entity '\synchronizer_ff__parameterized0_22\'
INFO: [VRFC 10-3107] analyzing entity '\synchronizer_ff__parameterized0_23\'
INFO: [VRFC 10-3107] analyzing entity '\synchronizer_ff__parameterized0_5\'
INFO: [VRFC 10-3107] analyzing entity '\synchronizer_ff__parameterized0_6\'
INFO: [VRFC 10-3107] analyzing entity '\synchronizer_ff__parameterized0_7\'
INFO: [VRFC 10-3107] analyzing entity 'wr_bin_cntr'
INFO: [VRFC 10-3107] analyzing entity 'wr_bin_cntr_17'
INFO: [VRFC 10-3107] analyzing entity 'wr_handshaking_flags'
INFO: [VRFC 10-3107] analyzing entity 'wr_handshaking_flags_16'
INFO: [VRFC 10-3107] analyzing entity 'wr_status_flags_as'
INFO: [VRFC 10-3107] analyzing entity 'wr_status_flags_as_15'
INFO: [VRFC 10-3107] analyzing entity 'xsdbm_v3_0_0_addr_ctl'
INFO: [VRFC 10-3107] analyzing entity 'xsdbm_v3_0_0_bscan_switch'
INFO: [VRFC 10-3107] analyzing entity 'xsdbm_v3_0_0_burst_wdlen_ctl'
INFO: [VRFC 10-3107] analyzing entity 'xsdbm_v3_0_0_bus_ctl_cnt'
INFO: [VRFC 10-3107] analyzing entity 'xsdbm_v3_0_0_bus_ctl_flg'
INFO: [VRFC 10-3107] analyzing entity '\xsdbm_v3_0_0_bus_ctl_flg__parameterized0\'
INFO: [VRFC 10-3107] analyzing entity 'xsdbm_v3_0_0_cmd_decode'
INFO: [VRFC 10-3107] analyzing entity 'xsdbm_v3_0_0_ctl_reg'
INFO: [VRFC 10-3107] analyzing entity 'xsdbm_v3_0_0_ctl_reg_1'
INFO: [VRFC 10-3107] analyzing entity '\xsdbm_v3_0_0_ctl_reg__parameterized0\'
INFO: [VRFC 10-3107] analyzing entity '\xsdbm_v3_0_0_ctl_reg__parameterized1\'
INFO: [VRFC 10-3107] analyzing entity 'xsdbm_v3_0_0_if_static_status'
INFO: [VRFC 10-3107] analyzing entity 'xsdbm_v3_0_0_stat'
INFO: [VRFC 10-3107] analyzing entity 'xsdbm_v3_0_0_stat_reg'
INFO: [VRFC 10-3107] analyzing entity 'xsdbm_v3_0_0_stat_reg_0'
INFO: [VRFC 10-3107] analyzing entity '\xsdbm_v3_0_0_stat_reg__parameterized0\'
INFO: [VRFC 10-3107] analyzing entity 'xsdbm_v3_0_0_sync'
INFO: [VRFC 10-3107] analyzing entity 'BD_wo_axi_xlconcat_0_0'
INFO: [VRFC 10-3107] analyzing entity 'CZT_SPI_Comm'
INFO: [VRFC 10-3107] analyzing entity '\GPIO_Core__parameterized0\'
INFO: [VRFC 10-3107] analyzing entity '\GPIO_Core__parameterized1\'
INFO: [VRFC 10-3107] analyzing entity 'Serial_to_Parallel'
INFO: [VRFC 10-3107] analyzing entity 'Time_Stamp'
INFO: [VRFC 10-3107] analyzing entity 'address_decoder_147'
INFO: [VRFC 10-3107] analyzing entity 'axi_crossbar_v2_1_20_addr_arbiter_sasd'
INFO: [VRFC 10-3107] analyzing entity 'axi_crossbar_v2_1_20_decerr_slave'
INFO: [VRFC 10-3107] analyzing entity 'axi_crossbar_v2_1_20_splitter'
INFO: [VRFC 10-3107] analyzing entity '\axi_crossbar_v2_1_20_splitter__parameterized0\'
INFO: [VRFC 10-3107] analyzing entity 'axi_protocol_converter_v2_1_19_b2s_incr_cmd'
INFO: [VRFC 10-3107] analyzing entity 'axi_protocol_converter_v2_1_19_b2s_incr_cmd_7'
INFO: [VRFC 10-3107] analyzing entity 'axi_protocol_converter_v2_1_19_b2s_rd_cmd_fsm'
INFO: [VRFC 10-3107] analyzing entity 'axi_protocol_converter_v2_1_19_b2s_simple_fifo'
INFO: [VRFC 10-3107] analyzing entity '\axi_protocol_converter_v2_1_19_b2s_simple_fifo__parameterized0\'
INFO: [VRFC 10-3107] analyzing entity '\axi_protocol_converter_v2_1_19_b2s_simple_fifo__parameterized1\'
INFO: [VRFC 10-3107] analyzing entity '\axi_protocol_converter_v2_1_19_b2s_simple_fifo__parameterized2\'
INFO: [VRFC 10-3107] analyzing entity 'axi_protocol_converter_v2_1_19_b2s_wr_cmd_fsm'
INFO: [VRFC 10-3107] analyzing entity 'axi_protocol_converter_v2_1_19_b2s_wrap_cmd'
INFO: [VRFC 10-3107] analyzing entity 'axi_protocol_converter_v2_1_19_b2s_wrap_cmd_8'
INFO: [VRFC 10-3107] analyzing entity 'axi_register_slice_v2_1_19_axic_register_slice'
INFO: [VRFC 10-3107] analyzing entity 'axi_register_slice_v2_1_19_axic_register_slice_5'
INFO: [VRFC 10-3107] analyzing entity '\axi_register_slice_v2_1_19_axic_register_slice__parameterized1\'
INFO: [VRFC 10-3107] analyzing entity '\axi_register_slice_v2_1_19_axic_register_slice__parameterized2\'
INFO: [VRFC 10-3107] analyzing entity '\axi_register_slice_v2_1_19_axic_register_slice__parameterized7\'
INFO: [VRFC 10-3107] analyzing entity 'cdc_sync'
INFO: [VRFC 10-3107] analyzing entity 'cdc_sync_278'
INFO: [VRFC 10-3107] analyzing entity '\cdc_sync__parameterized0\'
INFO: [VRFC 10-3107] analyzing entity '\cdc_sync__parameterized0_145\'
INFO: [VRFC 10-3107] analyzing entity '\cdc_sync__parameterized2\'
INFO: [VRFC 10-3107] analyzing entity '\cdc_sync__parameterized2_0\'
INFO: [VRFC 10-3107] analyzing entity 'processing_system7_v5_5_processing_system7'
INFO: [VRFC 10-3107] analyzing entity 'pselect_f'
INFO: [VRFC 10-3107] analyzing entity 'pselect_f_151'
INFO: [VRFC 10-3107] analyzing entity 'pselect_f_156'
INFO: [VRFC 10-3107] analyzing entity 'pselect_f_281'
INFO: [VRFC 10-3107] analyzing entity '\pselect_f__parameterized1\'
INFO: [VRFC 10-3107] analyzing entity '\pselect_f__parameterized1_152\'
INFO: [VRFC 10-3107] analyzing entity '\pselect_f__parameterized1_157\'
INFO: [VRFC 10-3107] analyzing entity '\pselect_f__parameterized1_282\'
INFO: [VRFC 10-3107] analyzing entity 'upcnt_n'
INFO: [VRFC 10-3107] analyzing entity 'xpm_cdc_async_rst'
INFO: [VRFC 10-3107] analyzing entity '\xpm_cdc_async_rst__10\'
INFO: [VRFC 10-3107] analyzing entity '\xpm_cdc_async_rst__11\'
INFO: [VRFC 10-3107] analyzing entity '\xpm_cdc_async_rst__12\'
INFO: [VRFC 10-3107] analyzing entity '\xpm_cdc_async_rst__13\'
INFO: [VRFC 10-3107] analyzing entity '\xpm_cdc_async_rst__14\'
INFO: [VRFC 10-3107] analyzing entity '\xpm_cdc_async_rst__15\'
INFO: [VRFC 10-3107] analyzing entity '\xpm_cdc_async_rst__5\'
INFO: [VRFC 10-3107] analyzing entity '\xpm_cdc_async_rst__6\'
INFO: [VRFC 10-3107] analyzing entity '\xpm_cdc_async_rst__7\'
INFO: [VRFC 10-3107] analyzing entity '\xpm_cdc_async_rst__8\'
INFO: [VRFC 10-3107] analyzing entity '\xpm_cdc_async_rst__9\'
INFO: [VRFC 10-3107] analyzing entity 'xpm_cdc_gray'
INFO: [VRFC 10-3107] analyzing entity '\xpm_cdc_gray__10\'
INFO: [VRFC 10-3107] analyzing entity '\xpm_cdc_gray__11\'
INFO: [VRFC 10-3107] analyzing entity '\xpm_cdc_gray__12\'
INFO: [VRFC 10-3107] analyzing entity '\xpm_cdc_gray__13\'
INFO: [VRFC 10-3107] analyzing entity '\xpm_cdc_gray__14\'
INFO: [VRFC 10-3107] analyzing entity '\xpm_cdc_gray__15\'
INFO: [VRFC 10-3107] analyzing entity '\xpm_cdc_gray__16\'
INFO: [VRFC 10-3107] analyzing entity '\xpm_cdc_gray__17\'
INFO: [VRFC 10-3107] analyzing entity '\xpm_cdc_gray__18\'
INFO: [VRFC 10-3107] analyzing entity '\xpm_cdc_gray__parameterized2\'
INFO: [VRFC 10-3107] analyzing entity '\xpm_cdc_gray__parameterized4\'
INFO: [VRFC 10-3107] analyzing entity '\xpm_cdc_single__parameterized1\'
INFO: [VRFC 10-3107] analyzing entity '\xpm_cdc_single__parameterized1__10\'
INFO: [VRFC 10-3107] analyzing entity '\xpm_cdc_single__parameterized1__11\'
INFO: [VRFC 10-3107] analyzing entity '\xpm_cdc_single__parameterized1__12\'
INFO: [VRFC 10-3107] analyzing entity '\xpm_cdc_single__parameterized1__13\'
INFO: [VRFC 10-3107] analyzing entity '\xpm_cdc_single__parameterized1__14\'
INFO: [VRFC 10-3107] analyzing entity '\xpm_cdc_single__parameterized1__15\'
INFO: [VRFC 10-3107] analyzing entity '\xpm_cdc_single__parameterized1__16\'
INFO: [VRFC 10-3107] analyzing entity '\xpm_cdc_single__parameterized1__17\'
INFO: [VRFC 10-3107] analyzing entity '\xpm_cdc_single__parameterized1__18\'
INFO: [VRFC 10-3107] analyzing entity '\xpm_cdc_single__parameterized4\'
INFO: [VRFC 10-3107] analyzing entity '\xpm_cdc_single__parameterized4__2\'
INFO: [VRFC 10-3107] analyzing entity 'blk_mem_gen_v8_4_3_bindec'
INFO: [VRFC 10-3107] analyzing entity '\blk_mem_gen_v8_4_3_blk_mem_gen_mux__parameterized0\'
INFO: [VRFC 10-3107] analyzing entity 'blk_mem_gen_v8_4_3_blk_mem_gen_prim_wrapper'
INFO: [VRFC 10-3107] analyzing entity '\blk_mem_gen_v8_4_3_blk_mem_gen_prim_wrapper__parameterized0\'
INFO: [VRFC 10-3107] analyzing entity '\blk_mem_gen_v8_4_3_blk_mem_gen_prim_wrapper__parameterized1\'
INFO: [VRFC 10-3107] analyzing entity '\blk_mem_gen_v8_4_3_blk_mem_gen_prim_wrapper__parameterized10\'
INFO: [VRFC 10-3107] analyzing entity '\blk_mem_gen_v8_4_3_blk_mem_gen_prim_wrapper__parameterized11\'
INFO: [VRFC 10-3107] analyzing entity '\blk_mem_gen_v8_4_3_blk_mem_gen_prim_wrapper__parameterized12\'
INFO: [VRFC 10-3107] analyzing entity '\blk_mem_gen_v8_4_3_blk_mem_gen_prim_wrapper__parameterized13\'
INFO: [VRFC 10-3107] analyzing entity '\blk_mem_gen_v8_4_3_blk_mem_gen_prim_wrapper__parameterized14\'
INFO: [VRFC 10-3107] analyzing entity '\blk_mem_gen_v8_4_3_blk_mem_gen_prim_wrapper__parameterized15\'
INFO: [VRFC 10-3107] analyzing entity '\blk_mem_gen_v8_4_3_blk_mem_gen_prim_wrapper__parameterized16\'
INFO: [VRFC 10-3107] analyzing entity '\blk_mem_gen_v8_4_3_blk_mem_gen_prim_wrapper__parameterized17\'
INFO: [VRFC 10-3107] analyzing entity '\blk_mem_gen_v8_4_3_blk_mem_gen_prim_wrapper__parameterized18\'
INFO: [VRFC 10-3107] analyzing entity '\blk_mem_gen_v8_4_3_blk_mem_gen_prim_wrapper__parameterized19\'
INFO: [VRFC 10-3107] analyzing entity '\blk_mem_gen_v8_4_3_blk_mem_gen_prim_wrapper__parameterized2\'
INFO: [VRFC 10-3107] analyzing entity '\blk_mem_gen_v8_4_3_blk_mem_gen_prim_wrapper__parameterized20\'
INFO: [VRFC 10-3107] analyzing entity '\blk_mem_gen_v8_4_3_blk_mem_gen_prim_wrapper__parameterized21\'
INFO: [VRFC 10-3107] analyzing entity '\blk_mem_gen_v8_4_3_blk_mem_gen_prim_wrapper__parameterized22\'
INFO: [VRFC 10-3107] analyzing entity '\blk_mem_gen_v8_4_3_blk_mem_gen_prim_wrapper__parameterized23\'
INFO: [VRFC 10-3107] analyzing entity '\blk_mem_gen_v8_4_3_blk_mem_gen_prim_wrapper__parameterized24\'
INFO: [VRFC 10-3107] analyzing entity '\blk_mem_gen_v8_4_3_blk_mem_gen_prim_wrapper__parameterized25\'
INFO: [VRFC 10-3107] analyzing entity '\blk_mem_gen_v8_4_3_blk_mem_gen_prim_wrapper__parameterized26\'
INFO: [VRFC 10-3107] analyzing entity '\blk_mem_gen_v8_4_3_blk_mem_gen_prim_wrapper__parameterized27\'
INFO: [VRFC 10-3107] analyzing entity '\blk_mem_gen_v8_4_3_blk_mem_gen_prim_wrapper__parameterized28\'
INFO: [VRFC 10-3107] analyzing entity '\blk_mem_gen_v8_4_3_blk_mem_gen_prim_wrapper__parameterized29\'
INFO: [VRFC 10-3107] analyzing entity '\blk_mem_gen_v8_4_3_blk_mem_gen_prim_wrapper__parameterized3\'
INFO: [VRFC 10-3107] analyzing entity '\blk_mem_gen_v8_4_3_blk_mem_gen_prim_wrapper__parameterized30\'
INFO: [VRFC 10-3107] analyzing entity '\blk_mem_gen_v8_4_3_blk_mem_gen_prim_wrapper__parameterized31\'
INFO: [VRFC 10-3107] analyzing entity '\blk_mem_gen_v8_4_3_blk_mem_gen_prim_wrapper__parameterized32\'
INFO: [VRFC 10-3107] analyzing entity '\blk_mem_gen_v8_4_3_blk_mem_gen_prim_wrapper__parameterized33\'
INFO: [VRFC 10-3107] analyzing entity '\blk_mem_gen_v8_4_3_blk_mem_gen_prim_wrapper__parameterized34\'
INFO: [VRFC 10-3107] analyzing entity '\blk_mem_gen_v8_4_3_blk_mem_gen_prim_wrapper__parameterized35\'
INFO: [VRFC 10-3107] analyzing entity '\blk_mem_gen_v8_4_3_blk_mem_gen_prim_wrapper__parameterized4\'
INFO: [VRFC 10-3107] analyzing entity '\blk_mem_gen_v8_4_3_blk_mem_gen_prim_wrapper__parameterized5\'
INFO: [VRFC 10-3107] analyzing entity '\blk_mem_gen_v8_4_3_blk_mem_gen_prim_wrapper__parameterized6\'
INFO: [VRFC 10-3107] analyzing entity '\blk_mem_gen_v8_4_3_blk_mem_gen_prim_wrapper__parameterized7\'
INFO: [VRFC 10-3107] analyzing entity '\blk_mem_gen_v8_4_3_blk_mem_gen_prim_wrapper__parameterized8\'
INFO: [VRFC 10-3107] analyzing entity '\blk_mem_gen_v8_4_3_blk_mem_gen_prim_wrapper__parameterized9\'
INFO: [VRFC 10-3107] analyzing entity '\fifo_generator_v13_2_4_compare__parameterized0\'
INFO: [VRFC 10-3107] analyzing entity '\fifo_generator_v13_2_4_compare__parameterized0_3\'
INFO: [VRFC 10-3107] analyzing entity '\fifo_generator_v13_2_4_compare__parameterized1\'
INFO: [VRFC 10-3107] analyzing entity '\fifo_generator_v13_2_4_compare__parameterized1_1\'
INFO: [VRFC 10-3107] analyzing entity 'fifo_generator_v13_2_4_dmem'
INFO: [VRFC 10-3107] analyzing entity 'fifo_generator_v13_2_4_dmem_33'
INFO: [VRFC 10-3107] analyzing entity '\fifo_generator_v13_2_4_dmem__parameterized0\'
INFO: [VRFC 10-3107] analyzing entity '\fifo_generator_v13_2_4_dmem__parameterized1\'
INFO: [VRFC 10-3107] analyzing entity '\fifo_generator_v13_2_4_dmem__parameterized2\'
INFO: [VRFC 10-3107] analyzing entity 'fifo_generator_v13_2_4_rd_bin_cntr'
INFO: [VRFC 10-3107] analyzing entity 'fifo_generator_v13_2_4_rd_bin_cntr_15'
INFO: [VRFC 10-3107] analyzing entity 'fifo_generator_v13_2_4_rd_bin_cntr_22'
INFO: [VRFC 10-3107] analyzing entity 'fifo_generator_v13_2_4_rd_bin_cntr_29'
INFO: [VRFC 10-3107] analyzing entity 'fifo_generator_v13_2_4_rd_bin_cntr_38'
INFO: [VRFC 10-3107] analyzing entity '\fifo_generator_v13_2_4_rd_bin_cntr__parameterized0\'
INFO: [VRFC 10-3107] analyzing entity 'fifo_generator_v13_2_4_rd_dc_as'
INFO: [VRFC 10-3107] analyzing entity 'fifo_generator_v13_2_4_rd_fwft'
INFO: [VRFC 10-3107] analyzing entity 'fifo_generator_v13_2_4_rd_fwft_13'
INFO: [VRFC 10-3107] analyzing entity 'fifo_generator_v13_2_4_rd_fwft_20'
INFO: [VRFC 10-3107] analyzing entity 'fifo_generator_v13_2_4_rd_fwft_27'
INFO: [VRFC 10-3107] analyzing entity 'fifo_generator_v13_2_4_rd_fwft_36'
INFO: [VRFC 10-3107] analyzing entity 'fifo_generator_v13_2_4_rd_pe_as'
INFO: [VRFC 10-3107] analyzing entity 'fifo_generator_v13_2_4_rd_status_flags_as'
INFO: [VRFC 10-3107] analyzing entity 'fifo_generator_v13_2_4_rd_status_flags_as_14'
INFO: [VRFC 10-3107] analyzing entity 'fifo_generator_v13_2_4_rd_status_flags_as_21'
INFO: [VRFC 10-3107] analyzing entity 'fifo_generator_v13_2_4_rd_status_flags_as_28'
INFO: [VRFC 10-3107] analyzing entity 'fifo_generator_v13_2_4_rd_status_flags_as_37'
INFO: [VRFC 10-3107] analyzing entity 'fifo_generator_v13_2_4_wr_bin_cntr'
INFO: [VRFC 10-3107] analyzing entity 'fifo_generator_v13_2_4_wr_bin_cntr_12'
INFO: [VRFC 10-3107] analyzing entity 'fifo_generator_v13_2_4_wr_bin_cntr_19'
INFO: [VRFC 10-3107] analyzing entity 'fifo_generator_v13_2_4_wr_bin_cntr_26'
INFO: [VRFC 10-3107] analyzing entity 'fifo_generator_v13_2_4_wr_bin_cntr_35'
INFO: [VRFC 10-3107] analyzing entity '\fifo_generator_v13_2_4_wr_bin_cntr__parameterized0\'
INFO: [VRFC 10-3107] analyzing entity 'fifo_generator_v13_2_4_wr_dc_as'
INFO: [VRFC 10-3107] analyzing entity 'fifo_generator_v13_2_4_wr_handshaking_flags'
INFO: [VRFC 10-3107] analyzing entity 'fifo_generator_v13_2_4_wr_pf_as'
INFO: [VRFC 10-3107] analyzing entity 'fifo_generator_v13_2_4_wr_status_flags_as'
INFO: [VRFC 10-3107] analyzing entity 'fifo_generator_v13_2_4_wr_status_flags_as_11'
INFO: [VRFC 10-3107] analyzing entity 'fifo_generator_v13_2_4_wr_status_flags_as_18'
INFO: [VRFC 10-3107] analyzing entity 'fifo_generator_v13_2_4_wr_status_flags_as_25'
INFO: [VRFC 10-3107] analyzing entity 'fifo_generator_v13_2_4_wr_status_flags_as_34'
INFO: [VRFC 10-3107] analyzing entity 'ltlib_v1_0_0_all_typeA_slice'
INFO: [VRFC 10-3107] analyzing entity 'ltlib_v1_0_0_all_typeA_slice_104'
INFO: [VRFC 10-3107] analyzing entity 'ltlib_v1_0_0_all_typeA_slice_107'
INFO: [VRFC 10-3107] analyzing entity 'ltlib_v1_0_0_all_typeA_slice_169'
INFO: [VRFC 10-3107] analyzing entity 'ltlib_v1_0_0_all_typeA_slice_172'
INFO: [VRFC 10-3107] analyzing entity 'ltlib_v1_0_0_all_typeA_slice_178'
INFO: [VRFC 10-3107] analyzing entity 'ltlib_v1_0_0_all_typeA_slice_181'
INFO: [VRFC 10-3107] analyzing entity 'ltlib_v1_0_0_all_typeA_slice_184'
INFO: [VRFC 10-3107] analyzing entity 'ltlib_v1_0_0_all_typeA_slice_187'
INFO: [VRFC 10-3107] analyzing entity 'ltlib_v1_0_0_all_typeA_slice_190'
INFO: [VRFC 10-3107] analyzing entity 'ltlib_v1_0_0_all_typeA_slice_192'
INFO: [VRFC 10-3107] analyzing entity 'ltlib_v1_0_0_all_typeA_slice_52'
INFO: [VRFC 10-3107] analyzing entity 'ltlib_v1_0_0_all_typeA_slice_55'
INFO: [VRFC 10-3107] analyzing entity 'ltlib_v1_0_0_all_typeA_slice_58'
INFO: [VRFC 10-3107] analyzing entity 'ltlib_v1_0_0_all_typeA_slice_61'
INFO: [VRFC 10-3107] analyzing entity 'ltlib_v1_0_0_all_typeA_slice_64'
INFO: [VRFC 10-3107] analyzing entity 'ltlib_v1_0_0_all_typeA_slice_67'
INFO: [VRFC 10-3107] analyzing entity 'ltlib_v1_0_0_all_typeA_slice_75'
INFO: [VRFC 10-3107] analyzing entity 'ltlib_v1_0_0_all_typeA_slice_81'
INFO: [VRFC 10-3107] analyzing entity 'ltlib_v1_0_0_all_typeA_slice_84'
INFO: [VRFC 10-3107] analyzing entity 'ltlib_v1_0_0_all_typeA_slice_87'
INFO: [VRFC 10-3107] analyzing entity 'ltlib_v1_0_0_all_typeA_slice_89'
INFO: [VRFC 10-3107] analyzing entity 'ltlib_v1_0_0_all_typeA_slice_92'
INFO: [VRFC 10-3107] analyzing entity 'ltlib_v1_0_0_all_typeA_slice_95'
INFO: [VRFC 10-3107] analyzing entity 'ltlib_v1_0_0_all_typeA_slice_98'
INFO: [VRFC 10-3107] analyzing entity '\ltlib_v1_0_0_all_typeA_slice__parameterized0\'
INFO: [VRFC 10-3107] analyzing entity '\ltlib_v1_0_0_all_typeA_slice__parameterized0_101\'
INFO: [VRFC 10-3107] analyzing entity '\ltlib_v1_0_0_all_typeA_slice__parameterized0_102\'
INFO: [VRFC 10-3107] analyzing entity '\ltlib_v1_0_0_all_typeA_slice__parameterized0_103\'
INFO: [VRFC 10-3107] analyzing entity '\ltlib_v1_0_0_all_typeA_slice__parameterized0_106\'
INFO: [VRFC 10-3107] analyzing entity '\ltlib_v1_0_0_all_typeA_slice__parameterized0_175\'
INFO: [VRFC 10-3107] analyzing entity '\ltlib_v1_0_0_all_typeA_slice__parameterized0_176\'
INFO: [VRFC 10-3107] analyzing entity '\ltlib_v1_0_0_all_typeA_slice__parameterized0_177\'
INFO: [VRFC 10-3107] analyzing entity '\ltlib_v1_0_0_all_typeA_slice__parameterized0_65\'
INFO: [VRFC 10-3107] analyzing entity '\ltlib_v1_0_0_all_typeA_slice__parameterized0_66\'
INFO: [VRFC 10-3107] analyzing entity '\ltlib_v1_0_0_all_typeA_slice__parameterized0_68\'
INFO: [VRFC 10-3107] analyzing entity '\ltlib_v1_0_0_all_typeA_slice__parameterized0_69\'
INFO: [VRFC 10-3107] analyzing entity '\ltlib_v1_0_0_all_typeA_slice__parameterized0_70\'
INFO: [VRFC 10-3107] analyzing entity '\ltlib_v1_0_0_all_typeA_slice__parameterized0_71\'
INFO: [VRFC 10-3107] analyzing entity '\ltlib_v1_0_0_all_typeA_slice__parameterized0_72\'
INFO: [VRFC 10-3107] analyzing entity '\ltlib_v1_0_0_all_typeA_slice__parameterized0_73\'
INFO: [VRFC 10-3107] analyzing entity '\ltlib_v1_0_0_all_typeA_slice__parameterized0_74\'
INFO: [VRFC 10-3107] analyzing entity '\ltlib_v1_0_0_all_typeA_slice__parameterized0_78\'
INFO: [VRFC 10-3107] analyzing entity '\ltlib_v1_0_0_all_typeA_slice__parameterized0_79\'
INFO: [VRFC 10-3107] analyzing entity '\ltlib_v1_0_0_all_typeA_slice__parameterized0_80\'
INFO: [VRFC 10-3107] analyzing entity '\ltlib_v1_0_0_all_typeA_slice__parameterized0_88\'
INFO: [VRFC 10-3107] analyzing entity '\ltlib_v1_0_0_all_typeA_slice__parameterized0_91\'
INFO: [VRFC 10-3107] analyzing entity '\ltlib_v1_0_0_all_typeA_slice__parameterized1\'
INFO: [VRFC 10-3107] analyzing entity '\ltlib_v1_0_0_all_typeA_slice__parameterized1_134\'
INFO: [VRFC 10-3107] analyzing entity '\ltlib_v1_0_0_all_typeA_slice__parameterized1_142\'
INFO: [VRFC 10-3107] analyzing entity '\ltlib_v1_0_0_all_typeA_slice__parameterized1_263\'
INFO: [VRFC 10-3107] analyzing entity '\ltlib_v1_0_0_all_typeA_slice__parameterized1_267\'
INFO: [VRFC 10-3107] analyzing entity '\ltlib_v1_0_0_all_typeA_slice__parameterized1_275\'
INFO: [VRFC 10-3107] analyzing entity '\ltlib_v1_0_0_all_typeA_slice__parameterized2\'
INFO: [VRFC 10-3107] analyzing entity '\ltlib_v1_0_0_all_typeA_slice__parameterized2_135\'
INFO: [VRFC 10-3107] analyzing entity '\ltlib_v1_0_0_all_typeA_slice__parameterized2_143\'
INFO: [VRFC 10-3107] analyzing entity '\ltlib_v1_0_0_all_typeA_slice__parameterized2_264\'
INFO: [VRFC 10-3107] analyzing entity '\ltlib_v1_0_0_all_typeA_slice__parameterized2_268\'
INFO: [VRFC 10-3107] analyzing entity '\ltlib_v1_0_0_all_typeA_slice__parameterized2_276\'
INFO: [VRFC 10-3107] analyzing entity 'ltlib_v1_0_0_async_edge_xfer'
INFO: [VRFC 10-3107] analyzing entity 'ltlib_v1_0_0_async_edge_xfer_108'
INFO: [VRFC 10-3107] analyzing entity 'ltlib_v1_0_0_async_edge_xfer_109'
INFO: [VRFC 10-3107] analyzing entity 'ltlib_v1_0_0_async_edge_xfer_110'
INFO: [VRFC 10-3107] analyzing entity 'ltlib_v1_0_0_async_edge_xfer_194'
INFO: [VRFC 10-3107] analyzing entity 'ltlib_v1_0_0_async_edge_xfer_195'
INFO: [VRFC 10-3107] analyzing entity 'ltlib_v1_0_0_async_edge_xfer_196'
INFO: [VRFC 10-3107] analyzing entity 'ltlib_v1_0_0_async_edge_xfer_197'
INFO: [VRFC 10-3107] analyzing entity 'ltlib_v1_0_0_cfglut4'
INFO: [VRFC 10-3107] analyzing entity 'ltlib_v1_0_0_cfglut4_136'
INFO: [VRFC 10-3107] analyzing entity 'ltlib_v1_0_0_cfglut4_256'
INFO: [VRFC 10-3107] analyzing entity 'ltlib_v1_0_0_cfglut4_269'
INFO: [VRFC 10-3107] analyzing entity 'ltlib_v1_0_0_cfglut5'
INFO: [VRFC 10-3107] analyzing entity 'ltlib_v1_0_0_cfglut5_130'
INFO: [VRFC 10-3107] analyzing entity 'ltlib_v1_0_0_cfglut5_137'
INFO: [VRFC 10-3107] analyzing entity 'ltlib_v1_0_0_cfglut5_257'
INFO: [VRFC 10-3107] analyzing entity 'ltlib_v1_0_0_cfglut5_258'
INFO: [VRFC 10-3107] analyzing entity 'ltlib_v1_0_0_cfglut5_270'
INFO: [VRFC 10-3107] analyzing entity 'ltlib_v1_0_0_cfglut6'
INFO: [VRFC 10-3107] analyzing entity 'ltlib_v1_0_0_cfglut6_138'
INFO: [VRFC 10-3107] analyzing entity 'ltlib_v1_0_0_cfglut6_253'
INFO: [VRFC 10-3107] analyzing entity 'ltlib_v1_0_0_cfglut6_271'
INFO: [VRFC 10-3107] analyzing entity '\ltlib_v1_0_0_cfglut6__parameterized0\'
INFO: [VRFC 10-3107] analyzing entity '\ltlib_v1_0_0_cfglut6__parameterized0_249\'
INFO: [VRFC 10-3107] analyzing entity 'ltlib_v1_0_0_cfglut7'
INFO: [VRFC 10-3107] analyzing entity 'ltlib_v1_0_0_cfglut7_129'
INFO: [VRFC 10-3107] analyzing entity 'ltlib_v1_0_0_cfglut7_250'
INFO: [VRFC 10-3107] analyzing entity 'ltlib_v1_0_0_cfglut7_251'
INFO: [VRFC 10-3107] analyzing entity 'ltlib_v1_0_0_generic_memrd'
INFO: [VRFC 10-3107] analyzing entity '\ltlib_v1_0_0_generic_memrd__parameterized0\'
INFO: [VRFC 10-3107] analyzing entity 'ltlib_v1_0_0_rising_edge_detection'
INFO: [VRFC 10-3107] analyzing entity 'ltlib_v1_0_0_rising_edge_detection_111'
INFO: [VRFC 10-3107] analyzing entity 'ltlib_v1_0_0_rising_edge_detection_193'
INFO: [VRFC 10-3107] analyzing entity 'ltlib_v1_0_0_rising_edge_detection_198'
INFO: [VRFC 10-3107] analyzing entity 'xsdbs_v1_0_2_reg_ctl'
INFO: [VRFC 10-3107] analyzing entity 'xsdbs_v1_0_2_reg_ctl_115'
INFO: [VRFC 10-3107] analyzing entity 'xsdbs_v1_0_2_reg_ctl_116'
INFO: [VRFC 10-3107] analyzing entity 'xsdbs_v1_0_2_reg_ctl_117'
INFO: [VRFC 10-3107] analyzing entity 'xsdbs_v1_0_2_reg_ctl_118'
INFO: [VRFC 10-3107] analyzing entity 'xsdbs_v1_0_2_reg_ctl_121'
INFO: [VRFC 10-3107] analyzing entity 'xsdbs_v1_0_2_reg_ctl_123'
INFO: [VRFC 10-3107] analyzing entity 'xsdbs_v1_0_2_reg_ctl_124'
INFO: [VRFC 10-3107] analyzing entity 'xsdbs_v1_0_2_reg_ctl_125'
INFO: [VRFC 10-3107] analyzing entity 'xsdbs_v1_0_2_reg_ctl_126'
INFO: [VRFC 10-3107] analyzing entity 'xsdbs_v1_0_2_reg_ctl_127'
INFO: [VRFC 10-3107] analyzing entity 'xsdbs_v1_0_2_reg_ctl_229'
INFO: [VRFC 10-3107] analyzing entity 'xsdbs_v1_0_2_reg_ctl_233'
INFO: [VRFC 10-3107] analyzing entity 'xsdbs_v1_0_2_reg_ctl_234'
INFO: [VRFC 10-3107] analyzing entity 'xsdbs_v1_0_2_reg_ctl_235'
INFO: [VRFC 10-3107] analyzing entity 'xsdbs_v1_0_2_reg_ctl_237'
INFO: [VRFC 10-3107] analyzing entity 'xsdbs_v1_0_2_reg_ctl_241'
INFO: [VRFC 10-3107] analyzing entity 'xsdbs_v1_0_2_reg_ctl_243'
INFO: [VRFC 10-3107] analyzing entity 'xsdbs_v1_0_2_reg_ctl_244'
INFO: [VRFC 10-3107] analyzing entity 'xsdbs_v1_0_2_reg_ctl_245'
INFO: [VRFC 10-3107] analyzing entity 'xsdbs_v1_0_2_reg_ctl_246'
INFO: [VRFC 10-3107] analyzing entity 'xsdbs_v1_0_2_reg_ctl_247'
INFO: [VRFC 10-3107] analyzing entity '\xsdbs_v1_0_2_reg_ctl__parameterized0\'
INFO: [VRFC 10-3107] analyzing entity '\xsdbs_v1_0_2_reg_ctl__parameterized0_240\'
INFO: [VRFC 10-3107] analyzing entity '\xsdbs_v1_0_2_reg_ctl__parameterized1\'
INFO: [VRFC 10-3107] analyzing entity '\xsdbs_v1_0_2_reg_ctl__parameterized1_119\'
INFO: [VRFC 10-3107] analyzing entity '\xsdbs_v1_0_2_reg_ctl__parameterized1_122\'
INFO: [VRFC 10-3107] analyzing entity '\xsdbs_v1_0_2_reg_ctl__parameterized1_236\'
INFO: [VRFC 10-3107] analyzing entity '\xsdbs_v1_0_2_reg_ctl__parameterized1_238\'
INFO: [VRFC 10-3107] analyzing entity '\xsdbs_v1_0_2_reg_ctl__parameterized1_242\'
INFO: [VRFC 10-3107] analyzing entity 'xsdbs_v1_0_2_reg_p2s'
INFO: [VRFC 10-3107] analyzing entity 'xsdbs_v1_0_2_reg_p2s_199'
INFO: [VRFC 10-3107] analyzing entity '\xsdbs_v1_0_2_reg_p2s__parameterized0\'
INFO: [VRFC 10-3107] analyzing entity '\xsdbs_v1_0_2_reg_p2s__parameterized0_200\'
INFO: [VRFC 10-3107] analyzing entity '\xsdbs_v1_0_2_reg_p2s__parameterized1\'
INFO: [VRFC 10-3107] analyzing entity '\xsdbs_v1_0_2_reg_p2s__parameterized10\'
INFO: [VRFC 10-3107] analyzing entity '\xsdbs_v1_0_2_reg_p2s__parameterized11\'
INFO: [VRFC 10-3107] analyzing entity '\xsdbs_v1_0_2_reg_p2s__parameterized12\'
INFO: [VRFC 10-3107] analyzing entity '\xsdbs_v1_0_2_reg_p2s__parameterized13\'
INFO: [VRFC 10-3107] analyzing entity '\xsdbs_v1_0_2_reg_p2s__parameterized14\'
INFO: [VRFC 10-3107] analyzing entity '\xsdbs_v1_0_2_reg_p2s__parameterized15\'
INFO: [VRFC 10-3107] analyzing entity '\xsdbs_v1_0_2_reg_p2s__parameterized16\'
INFO: [VRFC 10-3107] analyzing entity '\xsdbs_v1_0_2_reg_p2s__parameterized1_201\'
INFO: [VRFC 10-3107] analyzing entity '\xsdbs_v1_0_2_reg_p2s__parameterized2\'
INFO: [VRFC 10-3107] analyzing entity '\xsdbs_v1_0_2_reg_p2s__parameterized2_202\'
INFO: [VRFC 10-3107] analyzing entity '\xsdbs_v1_0_2_reg_p2s__parameterized3\'
INFO: [VRFC 10-3107] analyzing entity '\xsdbs_v1_0_2_reg_p2s__parameterized3_203\'
INFO: [VRFC 10-3107] analyzing entity '\xsdbs_v1_0_2_reg_p2s__parameterized4\'
INFO: [VRFC 10-3107] analyzing entity '\xsdbs_v1_0_2_reg_p2s__parameterized4_204\'
INFO: [VRFC 10-3107] analyzing entity '\xsdbs_v1_0_2_reg_p2s__parameterized5\'
INFO: [VRFC 10-3107] analyzing entity '\xsdbs_v1_0_2_reg_p2s__parameterized5_205\'
INFO: [VRFC 10-3107] analyzing entity '\xsdbs_v1_0_2_reg_p2s__parameterized6\'
INFO: [VRFC 10-3107] analyzing entity '\xsdbs_v1_0_2_reg_p2s__parameterized6_206\'
INFO: [VRFC 10-3107] analyzing entity '\xsdbs_v1_0_2_reg_p2s__parameterized7\'
INFO: [VRFC 10-3107] analyzing entity '\xsdbs_v1_0_2_reg_p2s__parameterized7_225\'
INFO: [VRFC 10-3107] analyzing entity '\xsdbs_v1_0_2_reg_p2s__parameterized8\'
INFO: [VRFC 10-3107] analyzing entity '\xsdbs_v1_0_2_reg_p2s__parameterized9\'
INFO: [VRFC 10-3107] analyzing entity 'xsdbs_v1_0_2_reg_stat'
INFO: [VRFC 10-3107] analyzing entity 'xsdbs_v1_0_2_reg_stat_112'
INFO: [VRFC 10-3107] analyzing entity 'xsdbs_v1_0_2_reg_stat_113'
INFO: [VRFC 10-3107] analyzing entity 'xsdbs_v1_0_2_reg_stat_114'
INFO: [VRFC 10-3107] analyzing entity 'xsdbs_v1_0_2_reg_stat_120'
INFO: [VRFC 10-3107] analyzing entity 'xsdbs_v1_0_2_reg_stat_128'
INFO: [VRFC 10-3107] analyzing entity 'xsdbs_v1_0_2_reg_stat_228'
INFO: [VRFC 10-3107] analyzing entity 'xsdbs_v1_0_2_reg_stat_230'
INFO: [VRFC 10-3107] analyzing entity 'xsdbs_v1_0_2_reg_stat_231'
INFO: [VRFC 10-3107] analyzing entity 'xsdbs_v1_0_2_reg_stat_232'
INFO: [VRFC 10-3107] analyzing entity 'xsdbs_v1_0_2_reg_stat_239'
INFO: [VRFC 10-3107] analyzing entity 'xsdbs_v1_0_2_reg_stat_248'
INFO: [VRFC 10-3107] analyzing entity 'xsdbs_v1_0_2_xsdbs'
INFO: [VRFC 10-3107] analyzing entity '\xsdbs_v1_0_2_xsdbs__1\'
INFO: [VRFC 10-3107] analyzing entity 'clk_x_pntrs'
INFO: [VRFC 10-3107] analyzing entity 'clk_x_pntrs_8'
INFO: [VRFC 10-3107] analyzing entity 'memory'
INFO: [VRFC 10-3107] analyzing entity '\memory__parameterized0\'
INFO: [VRFC 10-3107] analyzing entity 'rd_logic'
INFO: [VRFC 10-3107] analyzing entity '\rd_logic__parameterized0\'
INFO: [VRFC 10-3107] analyzing entity 'reset_blk_ramfifo'
INFO: [VRFC 10-3107] analyzing entity 'reset_blk_ramfifo_9'
INFO: [VRFC 10-3107] analyzing entity 'wr_logic'
INFO: [VRFC 10-3107] analyzing entity '\wr_logic__parameterized0\'
INFO: [VRFC 10-3107] analyzing entity 'xsdbm_v3_0_0_bus_ctl'
INFO: [VRFC 10-3107] analyzing entity 'xsdbm_v3_0_0_bus_mstr2sl_if'
INFO: [VRFC 10-3107] analyzing entity 'xsdbm_v3_0_0_icon'
INFO: [VRFC 10-3107] analyzing entity 'BD_wo_axi_CZT_SPI_Comm_0_0'
INFO: [VRFC 10-3107] analyzing entity 'BD_wo_axi_Serial_to_Parallel_0_0'
INFO: [VRFC 10-3107] analyzing entity 'BD_wo_axi_Time_Stamp_0_0'
INFO: [VRFC 10-3107] analyzing entity 'BD_wo_axi_processing_system7_0_0'
INFO: [VRFC 10-3107] analyzing entity 'GPIO_Core'
INFO: [VRFC 10-3107] analyzing entity '\GPIO_Core__parameterized2\'
INFO: [VRFC 10-3107] analyzing entity '\GPIO_Core__parameterized3\'
INFO: [VRFC 10-3107] analyzing entity 'address_decoder'
INFO: [VRFC 10-3107] analyzing entity 'address_decoder_150'
INFO: [VRFC 10-3107] analyzing entity 'address_decoder_155'
INFO: [VRFC 10-3107] analyzing entity 'address_decoder_280'
INFO: [VRFC 10-3107] analyzing entity 'axi_crossbar_v2_1_20_crossbar_sasd'
INFO: [VRFC 10-3107] analyzing entity 'axi_protocol_converter_v2_1_19_b2s_b_channel'
INFO: [VRFC 10-3107] analyzing entity 'axi_protocol_converter_v2_1_19_b2s_cmd_translator'
INFO: [VRFC 10-3107] analyzing entity 'axi_protocol_converter_v2_1_19_b2s_cmd_translator_6'
INFO: [VRFC 10-3107] analyzing entity 'axi_protocol_converter_v2_1_19_b2s_r_channel'
INFO: [VRFC 10-3107] analyzing entity 'axi_register_slice_v2_1_19_axi_register_slice'
INFO: [VRFC 10-3107] analyzing entity 'lpf'
INFO: [VRFC 10-3107] analyzing entity 'sequence_psr'
INFO: [VRFC 10-3107] analyzing entity 'slave_attachment_146'
INFO: [VRFC 10-3107] analyzing entity 'blk_mem_gen_v8_4_3_blk_mem_gen_prim_width'
INFO: [VRFC 10-3107] analyzing entity '\blk_mem_gen_v8_4_3_blk_mem_gen_prim_width__parameterized0\'
INFO: [VRFC 10-3107] analyzing entity '\blk_mem_gen_v8_4_3_blk_mem_gen_prim_width__parameterized1\'
INFO: [VRFC 10-3107] analyzing entity '\blk_mem_gen_v8_4_3_blk_mem_gen_prim_width__parameterized10\'
INFO: [VRFC 10-3107] analyzing entity '\blk_mem_gen_v8_4_3_blk_mem_gen_prim_width__parameterized11\'
INFO: [VRFC 10-3107] analyzing entity '\blk_mem_gen_v8_4_3_blk_mem_gen_prim_width__parameterized12\'
INFO: [VRFC 10-3107] analyzing entity '\blk_mem_gen_v8_4_3_blk_mem_gen_prim_width__parameterized13\'
INFO: [VRFC 10-3107] analyzing entity '\blk_mem_gen_v8_4_3_blk_mem_gen_prim_width__parameterized14\'
INFO: [VRFC 10-3107] analyzing entity '\blk_mem_gen_v8_4_3_blk_mem_gen_prim_width__parameterized15\'
INFO: [VRFC 10-3107] analyzing entity '\blk_mem_gen_v8_4_3_blk_mem_gen_prim_width__parameterized16\'
INFO: [VRFC 10-3107] analyzing entity '\blk_mem_gen_v8_4_3_blk_mem_gen_prim_width__parameterized17\'
INFO: [VRFC 10-3107] analyzing entity '\blk_mem_gen_v8_4_3_blk_mem_gen_prim_width__parameterized18\'
INFO: [VRFC 10-3107] analyzing entity '\blk_mem_gen_v8_4_3_blk_mem_gen_prim_width__parameterized19\'
INFO: [VRFC 10-3107] analyzing entity '\blk_mem_gen_v8_4_3_blk_mem_gen_prim_width__parameterized2\'
INFO: [VRFC 10-3107] analyzing entity '\blk_mem_gen_v8_4_3_blk_mem_gen_prim_width__parameterized20\'
INFO: [VRFC 10-3107] analyzing entity '\blk_mem_gen_v8_4_3_blk_mem_gen_prim_width__parameterized21\'
INFO: [VRFC 10-3107] analyzing entity '\blk_mem_gen_v8_4_3_blk_mem_gen_prim_width__parameterized22\'
INFO: [VRFC 10-3107] analyzing entity '\blk_mem_gen_v8_4_3_blk_mem_gen_prim_width__parameterized23\'
INFO: [VRFC 10-3107] analyzing entity '\blk_mem_gen_v8_4_3_blk_mem_gen_prim_width__parameterized24\'
INFO: [VRFC 10-3107] analyzing entity '\blk_mem_gen_v8_4_3_blk_mem_gen_prim_width__parameterized25\'
INFO: [VRFC 10-3107] analyzing entity '\blk_mem_gen_v8_4_3_blk_mem_gen_prim_width__parameterized26\'
INFO: [VRFC 10-3107] analyzing entity '\blk_mem_gen_v8_4_3_blk_mem_gen_prim_width__parameterized27\'
INFO: [VRFC 10-3107] analyzing entity '\blk_mem_gen_v8_4_3_blk_mem_gen_prim_width__parameterized28\'
INFO: [VRFC 10-3107] analyzing entity '\blk_mem_gen_v8_4_3_blk_mem_gen_prim_width__parameterized29\'
INFO: [VRFC 10-3107] analyzing entity '\blk_mem_gen_v8_4_3_blk_mem_gen_prim_width__parameterized3\'
INFO: [VRFC 10-3107] analyzing entity '\blk_mem_gen_v8_4_3_blk_mem_gen_prim_width__parameterized30\'
INFO: [VRFC 10-3107] analyzing entity '\blk_mem_gen_v8_4_3_blk_mem_gen_prim_width__parameterized31\'
INFO: [VRFC 10-3107] analyzing entity '\blk_mem_gen_v8_4_3_blk_mem_gen_prim_width__parameterized32\'
INFO: [VRFC 10-3107] analyzing entity '\blk_mem_gen_v8_4_3_blk_mem_gen_prim_width__parameterized33\'
INFO: [VRFC 10-3107] analyzing entity '\blk_mem_gen_v8_4_3_blk_mem_gen_prim_width__parameterized34\'
INFO: [VRFC 10-3107] analyzing entity '\blk_mem_gen_v8_4_3_blk_mem_gen_prim_width__parameterized35\'
INFO: [VRFC 10-3107] analyzing entity '\blk_mem_gen_v8_4_3_blk_mem_gen_prim_width__parameterized4\'
INFO: [VRFC 10-3107] analyzing entity '\blk_mem_gen_v8_4_3_blk_mem_gen_prim_width__parameterized5\'
INFO: [VRFC 10-3107] analyzing entity '\blk_mem_gen_v8_4_3_blk_mem_gen_prim_width__parameterized6\'
INFO: [VRFC 10-3107] analyzing entity '\blk_mem_gen_v8_4_3_blk_mem_gen_prim_width__parameterized7\'
INFO: [VRFC 10-3107] analyzing entity '\blk_mem_gen_v8_4_3_blk_mem_gen_prim_width__parameterized8\'
INFO: [VRFC 10-3107] analyzing entity '\blk_mem_gen_v8_4_3_blk_mem_gen_prim_width__parameterized9\'
INFO: [VRFC 10-3107] analyzing entity 'fifo_generator_v13_2_4_clk_x_pntrs'
INFO: [VRFC 10-3107] analyzing entity '\fifo_generator_v13_2_4_clk_x_pntrs__parameterized0\'
INFO: [VRFC 10-3107] analyzing entity '\fifo_generator_v13_2_4_clk_x_pntrs__xdcDup__1\'
INFO: [VRFC 10-3107] analyzing entity '\fifo_generator_v13_2_4_clk_x_pntrs__xdcDup__2\'
INFO: [VRFC 10-3107] analyzing entity '\fifo_generator_v13_2_4_clk_x_pntrs__xdcDup__3\'
INFO: [VRFC 10-3107] analyzing entity '\fifo_generator_v13_2_4_clk_x_pntrs__xdcDup__4\'
INFO: [VRFC 10-3107] analyzing entity 'fifo_generator_v13_2_4_memory'
INFO: [VRFC 10-3107] analyzing entity 'fifo_generator_v13_2_4_memory_32'
INFO: [VRFC 10-3107] analyzing entity '\fifo_generator_v13_2_4_memory__parameterized0\'
INFO: [VRFC 10-3107] analyzing entity '\fifo_generator_v13_2_4_memory__parameterized1\'
INFO: [VRFC 10-3107] analyzing entity '\fifo_generator_v13_2_4_memory__parameterized2\'
INFO: [VRFC 10-3107] analyzing entity 'fifo_generator_v13_2_4_rd_logic'
INFO: [VRFC 10-3107] analyzing entity 'fifo_generator_v13_2_4_rd_logic_16'
INFO: [VRFC 10-3107] analyzing entity 'fifo_generator_v13_2_4_rd_logic_23'
INFO: [VRFC 10-3107] analyzing entity 'fifo_generator_v13_2_4_rd_logic_30'
INFO: [VRFC 10-3107] analyzing entity 'fifo_generator_v13_2_4_rd_logic_9'
INFO: [VRFC 10-3107] analyzing entity '\fifo_generator_v13_2_4_rd_status_flags_as__parameterized0\'
INFO: [VRFC 10-3107] analyzing entity 'fifo_generator_v13_2_4_reset_blk_ramfifo'
INFO: [VRFC 10-3107] analyzing entity '\fifo_generator_v13_2_4_reset_blk_ramfifo__parameterized0\'
INFO: [VRFC 10-3107] analyzing entity '\fifo_generator_v13_2_4_reset_blk_ramfifo__xdcDup__1\'
INFO: [VRFC 10-3107] analyzing entity '\fifo_generator_v13_2_4_reset_blk_ramfifo__xdcDup__2\'
INFO: [VRFC 10-3107] analyzing entity '\fifo_generator_v13_2_4_reset_blk_ramfifo__xdcDup__3\'
INFO: [VRFC 10-3107] analyzing entity '\fifo_generator_v13_2_4_reset_blk_ramfifo__xdcDup__4\'
INFO: [VRFC 10-3107] analyzing entity 'fifo_generator_v13_2_4_wr_logic'
INFO: [VRFC 10-3107] analyzing entity 'fifo_generator_v13_2_4_wr_logic_10'
INFO: [VRFC 10-3107] analyzing entity 'fifo_generator_v13_2_4_wr_logic_17'
INFO: [VRFC 10-3107] analyzing entity 'fifo_generator_v13_2_4_wr_logic_24'
INFO: [VRFC 10-3107] analyzing entity 'fifo_generator_v13_2_4_wr_logic_31'
INFO: [VRFC 10-3107] analyzing entity '\fifo_generator_v13_2_4_wr_status_flags_as__parameterized0\'
INFO: [VRFC 10-3107] analyzing entity 'ila_v6_2_9_ila_reset_ctrl'
INFO: [VRFC 10-3107] analyzing entity 'ila_v6_2_9_ila_reset_ctrl_159'
INFO: [VRFC 10-3107] analyzing entity 'ltlib_v1_0_0_all_typeA'
INFO: [VRFC 10-3107] analyzing entity 'ltlib_v1_0_0_all_typeA_168'
INFO: [VRFC 10-3107] analyzing entity 'ltlib_v1_0_0_all_typeA_171'
INFO: [VRFC 10-3107] analyzing entity 'ltlib_v1_0_0_all_typeA_180'
INFO: [VRFC 10-3107] analyzing entity 'ltlib_v1_0_0_all_typeA_183'
INFO: [VRFC 10-3107] analyzing entity 'ltlib_v1_0_0_all_typeA_186'
INFO: [VRFC 10-3107] analyzing entity 'ltlib_v1_0_0_all_typeA_189'
INFO: [VRFC 10-3107] analyzing entity 'ltlib_v1_0_0_all_typeA_191'
INFO: [VRFC 10-3107] analyzing entity 'ltlib_v1_0_0_all_typeA_51'
INFO: [VRFC 10-3107] analyzing entity 'ltlib_v1_0_0_all_typeA_54'
INFO: [VRFC 10-3107] analyzing entity 'ltlib_v1_0_0_all_typeA_57'
INFO: [VRFC 10-3107] analyzing entity 'ltlib_v1_0_0_all_typeA_60'
INFO: [VRFC 10-3107] analyzing entity 'ltlib_v1_0_0_all_typeA_63'
INFO: [VRFC 10-3107] analyzing entity 'ltlib_v1_0_0_all_typeA_83'
INFO: [VRFC 10-3107] analyzing entity 'ltlib_v1_0_0_all_typeA_86'
INFO: [VRFC 10-3107] analyzing entity 'ltlib_v1_0_0_all_typeA_94'
INFO: [VRFC 10-3107] analyzing entity 'ltlib_v1_0_0_all_typeA_97'
INFO: [VRFC 10-3107] analyzing entity '\ltlib_v1_0_0_all_typeA__parameterized0\'
INFO: [VRFC 10-3107] analyzing entity '\ltlib_v1_0_0_all_typeA__parameterized0_100\'
INFO: [VRFC 10-3107] analyzing entity '\ltlib_v1_0_0_all_typeA__parameterized0_174\'
INFO: [VRFC 10-3107] analyzing entity '\ltlib_v1_0_0_all_typeA__parameterized0_77\'
INFO: [VRFC 10-3107] analyzing entity '\ltlib_v1_0_0_all_typeA__parameterized1\'
INFO: [VRFC 10-3107] analyzing entity '\ltlib_v1_0_0_all_typeA__parameterized1_133\'
INFO: [VRFC 10-3107] analyzing entity '\ltlib_v1_0_0_all_typeA__parameterized1_141\'
INFO: [VRFC 10-3107] analyzing entity '\ltlib_v1_0_0_all_typeA__parameterized1_262\'
INFO: [VRFC 10-3107] analyzing entity '\ltlib_v1_0_0_all_typeA__parameterized1_266\'
INFO: [VRFC 10-3107] analyzing entity '\ltlib_v1_0_0_all_typeA__parameterized1_274\'
INFO: [VRFC 10-3107] analyzing entity '\ltlib_v1_0_0_all_typeA__parameterized2\'
INFO: [VRFC 10-3107] analyzing entity '\ltlib_v1_0_0_all_typeA__parameterized2_105\'
INFO: [VRFC 10-3107] analyzing entity '\ltlib_v1_0_0_all_typeA__parameterized2_90\'
INFO: [VRFC 10-3107] analyzing entity '\ltlib_v1_0_0_all_typeA__parameterized3\'
INFO: [VRFC 10-3107] analyzing entity '\xsdbs_v1_0_2_reg__parameterized23\'
INFO: [VRFC 10-3107] analyzing entity '\xsdbs_v1_0_2_reg__parameterized23_213\'
INFO: [VRFC 10-3107] analyzing entity '\xsdbs_v1_0_2_reg__parameterized24\'
INFO: [VRFC 10-3107] analyzing entity '\xsdbs_v1_0_2_reg__parameterized24_214\'
INFO: [VRFC 10-3107] analyzing entity '\xsdbs_v1_0_2_reg__parameterized25\'
INFO: [VRFC 10-3107] analyzing entity '\xsdbs_v1_0_2_reg__parameterized25_215\'
INFO: [VRFC 10-3107] analyzing entity '\xsdbs_v1_0_2_reg__parameterized26\'
INFO: [VRFC 10-3107] analyzing entity '\xsdbs_v1_0_2_reg__parameterized26_224\'
INFO: [VRFC 10-3107] analyzing entity '\xsdbs_v1_0_2_reg__parameterized38\'
INFO: [VRFC 10-3107] analyzing entity '\xsdbs_v1_0_2_reg__parameterized38_207\'
INFO: [VRFC 10-3107] analyzing entity '\xsdbs_v1_0_2_reg__parameterized39\'
INFO: [VRFC 10-3107] analyzing entity '\xsdbs_v1_0_2_reg__parameterized39_208\'
INFO: [VRFC 10-3107] analyzing entity '\xsdbs_v1_0_2_reg__parameterized40\'
INFO: [VRFC 10-3107] analyzing entity '\xsdbs_v1_0_2_reg__parameterized40_209\'
INFO: [VRFC 10-3107] analyzing entity '\xsdbs_v1_0_2_reg__parameterized41\'
INFO: [VRFC 10-3107] analyzing entity '\xsdbs_v1_0_2_reg__parameterized41_210\'
INFO: [VRFC 10-3107] analyzing entity '\xsdbs_v1_0_2_reg__parameterized42\'
INFO: [VRFC 10-3107] analyzing entity '\xsdbs_v1_0_2_reg__parameterized42_211\'
INFO: [VRFC 10-3107] analyzing entity '\xsdbs_v1_0_2_reg__parameterized43\'
INFO: [VRFC 10-3107] analyzing entity '\xsdbs_v1_0_2_reg__parameterized43_212\'
INFO: [VRFC 10-3107] analyzing entity '\xsdbs_v1_0_2_reg__parameterized44\'
INFO: [VRFC 10-3107] analyzing entity '\xsdbs_v1_0_2_reg__parameterized44_216\'
INFO: [VRFC 10-3107] analyzing entity '\xsdbs_v1_0_2_reg__parameterized45\'
INFO: [VRFC 10-3107] analyzing entity '\xsdbs_v1_0_2_reg__parameterized45_217\'
INFO: [VRFC 10-3107] analyzing entity '\xsdbs_v1_0_2_reg__parameterized46\'
INFO: [VRFC 10-3107] analyzing entity '\xsdbs_v1_0_2_reg__parameterized46_218\'
INFO: [VRFC 10-3107] analyzing entity '\xsdbs_v1_0_2_reg__parameterized47\'
INFO: [VRFC 10-3107] analyzing entity '\xsdbs_v1_0_2_reg__parameterized47_219\'
INFO: [VRFC 10-3107] analyzing entity '\xsdbs_v1_0_2_reg__parameterized48\'
INFO: [VRFC 10-3107] analyzing entity '\xsdbs_v1_0_2_reg__parameterized48_220\'
INFO: [VRFC 10-3107] analyzing entity '\xsdbs_v1_0_2_reg__parameterized49\'
INFO: [VRFC 10-3107] analyzing entity '\xsdbs_v1_0_2_reg__parameterized49_221\'
INFO: [VRFC 10-3107] analyzing entity '\xsdbs_v1_0_2_reg__parameterized51\'
INFO: [VRFC 10-3107] analyzing entity '\xsdbs_v1_0_2_reg__parameterized51_222\'
INFO: [VRFC 10-3107] analyzing entity '\xsdbs_v1_0_2_reg__parameterized53\'
INFO: [VRFC 10-3107] analyzing entity '\xsdbs_v1_0_2_reg__parameterized53_223\'
INFO: [VRFC 10-3107] analyzing entity '\xsdbs_v1_0_2_reg__parameterized56\'
INFO: [VRFC 10-3107] analyzing entity '\xsdbs_v1_0_2_reg__parameterized56__1\'
INFO: [VRFC 10-3107] analyzing entity 'xsdbs_v1_0_2_reg_stream'
INFO: [VRFC 10-3107] analyzing entity 'xsdbs_v1_0_2_reg_stream_226'
INFO: [VRFC 10-3107] analyzing entity '\xsdbs_v1_0_2_reg_stream__parameterized0\'
INFO: [VRFC 10-3107] analyzing entity '\xsdbs_v1_0_2_reg_stream__parameterized0_227\'
INFO: [VRFC 10-3107] analyzing entity 'fifo_generator_ramfifo'
INFO: [VRFC 10-3107] analyzing entity '\fifo_generator_ramfifo__parameterized0\'
INFO: [VRFC 10-3107] analyzing entity 'axi_crossbar_v2_1_20_axi_crossbar'
INFO: [VRFC 10-3107] analyzing entity 'axi_lite_ipif_144'
INFO: [VRFC 10-3107] analyzing entity 'axi_protocol_converter_v2_1_19_b2s_ar_channel'
INFO: [VRFC 10-3107] analyzing entity 'axi_protocol_converter_v2_1_19_b2s_aw_channel'
INFO: [VRFC 10-3107] analyzing entity 'proc_sys_reset'
INFO: [VRFC 10-3107] analyzing entity 'slave_attachment'
INFO: [VRFC 10-3107] analyzing entity 'slave_attachment_149'
INFO: [VRFC 10-3107] analyzing entity 'slave_attachment_154'
INFO: [VRFC 10-3107] analyzing entity 'slave_attachment_279'
INFO: [VRFC 10-3107] analyzing entity 'blk_mem_gen_v8_4_3_blk_mem_gen_generic_cstr'
INFO: [VRFC 10-3107] analyzing entity '\blk_mem_gen_v8_4_3_blk_mem_gen_generic_cstr__parameterized0\'
INFO: [VRFC 10-3107] analyzing entity '\blk_mem_gen_v8_4_3_blk_mem_gen_generic_cstr__parameterized1\'
INFO: [VRFC 10-3107] analyzing entity 'fifo_generator_v13_2_4_fifo_generator_ramfifo'
INFO: [VRFC 10-3107] analyzing entity '\fifo_generator_v13_2_4_fifo_generator_ramfifo__parameterized0\'
INFO: [VRFC 10-3107] analyzing entity '\fifo_generator_v13_2_4_fifo_generator_ramfifo__parameterized1\'
INFO: [VRFC 10-3107] analyzing entity '\fifo_generator_v13_2_4_fifo_generator_ramfifo__parameterized2\'
INFO: [VRFC 10-3107] analyzing entity '\fifo_generator_v13_2_4_fifo_generator_ramfifo__xdcDup__1\'
INFO: [VRFC 10-3107] analyzing entity '\fifo_generator_v13_2_4_rd_logic__parameterized0\'
INFO: [VRFC 10-3107] analyzing entity '\fifo_generator_v13_2_4_wr_logic__parameterized0\'
INFO: [VRFC 10-3107] analyzing entity 'ila_v6_2_9_ila_register'
INFO: [VRFC 10-3107] analyzing entity '\ila_v6_2_9_ila_register__parameterized0\'
INFO: [VRFC 10-3107] analyzing entity 'ltlib_v1_0_0_allx_typeA'
INFO: [VRFC 10-3107] analyzing entity '\ltlib_v1_0_0_allx_typeA__parameterized0\'
INFO: [VRFC 10-3107] analyzing entity '\ltlib_v1_0_0_allx_typeA__parameterized0_167\'
INFO: [VRFC 10-3107] analyzing entity '\ltlib_v1_0_0_allx_typeA__parameterized0_170\'
INFO: [VRFC 10-3107] analyzing entity '\ltlib_v1_0_0_allx_typeA__parameterized0_179\'
INFO: [VRFC 10-3107] analyzing entity '\ltlib_v1_0_0_allx_typeA__parameterized0_182\'
INFO: [VRFC 10-3107] analyzing entity '\ltlib_v1_0_0_allx_typeA__parameterized0_185\'
INFO: [VRFC 10-3107] analyzing entity '\ltlib_v1_0_0_allx_typeA__parameterized0_188\'
INFO: [VRFC 10-3107] analyzing entity '\ltlib_v1_0_0_allx_typeA__parameterized0_50\'
INFO: [VRFC 10-3107] analyzing entity '\ltlib_v1_0_0_allx_typeA__parameterized0_53\'
INFO: [VRFC 10-3107] analyzing entity '\ltlib_v1_0_0_allx_typeA__parameterized0_56\'
INFO: [VRFC 10-3107] analyzing entity '\ltlib_v1_0_0_allx_typeA__parameterized0_59\'
INFO: [VRFC 10-3107] analyzing entity '\ltlib_v1_0_0_allx_typeA__parameterized0_62\'
INFO: [VRFC 10-3107] analyzing entity '\ltlib_v1_0_0_allx_typeA__parameterized0_82\'
INFO: [VRFC 10-3107] analyzing entity '\ltlib_v1_0_0_allx_typeA__parameterized0_85\'
INFO: [VRFC 10-3107] analyzing entity '\ltlib_v1_0_0_allx_typeA__parameterized0_93\'
INFO: [VRFC 10-3107] analyzing entity '\ltlib_v1_0_0_allx_typeA__parameterized0_96\'
INFO: [VRFC 10-3107] analyzing entity '\ltlib_v1_0_0_allx_typeA__parameterized1\'
INFO: [VRFC 10-3107] analyzing entity '\ltlib_v1_0_0_allx_typeA__parameterized1_173\'
INFO: [VRFC 10-3107] analyzing entity '\ltlib_v1_0_0_allx_typeA__parameterized1_76\'
INFO: [VRFC 10-3107] analyzing entity '\ltlib_v1_0_0_allx_typeA__parameterized1_99\'
INFO: [VRFC 10-3107] analyzing entity '\ltlib_v1_0_0_allx_typeA__parameterized2\'
INFO: [VRFC 10-3107] analyzing entity '\ltlib_v1_0_0_allx_typeA__parameterized3\'
INFO: [VRFC 10-3107] analyzing entity '\ltlib_v1_0_0_allx_typeA__parameterized4\'
INFO: [VRFC 10-3107] analyzing entity '\ltlib_v1_0_0_allx_typeA__parameterized5\'
INFO: [VRFC 10-3107] analyzing entity 'ltlib_v1_0_0_allx_typeA_nodelay'
INFO: [VRFC 10-3107] analyzing entity 'ltlib_v1_0_0_allx_typeA_nodelay_132'
INFO: [VRFC 10-3107] analyzing entity 'ltlib_v1_0_0_allx_typeA_nodelay_140'
INFO: [VRFC 10-3107] analyzing entity 'ltlib_v1_0_0_allx_typeA_nodelay_261'
INFO: [VRFC 10-3107] analyzing entity 'ltlib_v1_0_0_allx_typeA_nodelay_265'
INFO: [VRFC 10-3107] analyzing entity 'ltlib_v1_0_0_allx_typeA_nodelay_273'
INFO: [VRFC 10-3107] analyzing entity 'fifo_generator_top'
INFO: [VRFC 10-3107] analyzing entity '\fifo_generator_top__parameterized0\'
INFO: [VRFC 10-3107] analyzing entity 'BD_wo_axi_proc_sys_reset_0_0'
INFO: [VRFC 10-3107] analyzing entity 'BD_wo_axi_xbar_0'
INFO: [VRFC 10-3107] analyzing entity '\axi_gpio__parameterized5\'
INFO: [VRFC 10-3107] analyzing entity 'axi_lite_ipif'
INFO: [VRFC 10-3107] analyzing entity 'axi_lite_ipif_148'
INFO: [VRFC 10-3107] analyzing entity 'axi_lite_ipif_153'
INFO: [VRFC 10-3107] analyzing entity 'axi_lite_ipif_277'
INFO: [VRFC 10-3107] analyzing entity 'axi_protocol_converter_v2_1_19_b2s'
INFO: [VRFC 10-3107] analyzing entity 'blk_mem_gen_v8_4_3_blk_mem_gen_top'
INFO: [VRFC 10-3107] analyzing entity '\blk_mem_gen_v8_4_3_blk_mem_gen_top__parameterized0\'
INFO: [VRFC 10-3107] analyzing entity '\blk_mem_gen_v8_4_3_blk_mem_gen_top__parameterized1\'
INFO: [VRFC 10-3107] analyzing entity 'fifo_generator_v13_2_4_fifo_generator_top'
INFO: [VRFC 10-3107] analyzing entity '\fifo_generator_v13_2_4_fifo_generator_top__parameterized0\'
INFO: [VRFC 10-3107] analyzing entity '\fifo_generator_v13_2_4_fifo_generator_top__parameterized1\'
INFO: [VRFC 10-3107] analyzing entity '\fifo_generator_v13_2_4_fifo_generator_top__parameterized2\'
INFO: [VRFC 10-3107] analyzing entity '\fifo_generator_v13_2_4_fifo_generator_top__xdcDup__1\'
INFO: [VRFC 10-3107] analyzing entity 'ltlib_v1_0_0_match'
INFO: [VRFC 10-3107] analyzing entity '\ltlib_v1_0_0_match__parameterized0\'
INFO: [VRFC 10-3107] analyzing entity '\ltlib_v1_0_0_match__parameterized0_160\'
INFO: [VRFC 10-3107] analyzing entity '\ltlib_v1_0_0_match__parameterized0_161\'
INFO: [VRFC 10-3107] analyzing entity '\ltlib_v1_0_0_match__parameterized0_162\'
INFO: [VRFC 10-3107] analyzing entity '\ltlib_v1_0_0_match__parameterized0_163\'
INFO: [VRFC 10-3107] analyzing entity '\ltlib_v1_0_0_match__parameterized0_165\'
INFO: [VRFC 10-3107] analyzing entity '\ltlib_v1_0_0_match__parameterized0_166\'
INFO: [VRFC 10-3107] analyzing entity '\ltlib_v1_0_0_match__parameterized0_39\'
INFO: [VRFC 10-3107] analyzing entity '\ltlib_v1_0_0_match__parameterized0_40\'
INFO: [VRFC 10-3107] analyzing entity '\ltlib_v1_0_0_match__parameterized0_41\'
INFO: [VRFC 10-3107] analyzing entity '\ltlib_v1_0_0_match__parameterized0_44\'
INFO: [VRFC 10-3107] analyzing entity '\ltlib_v1_0_0_match__parameterized0_45\'
INFO: [VRFC 10-3107] analyzing entity '\ltlib_v1_0_0_match__parameterized0_46\'
INFO: [VRFC 10-3107] analyzing entity '\ltlib_v1_0_0_match__parameterized0_47\'
INFO: [VRFC 10-3107] analyzing entity '\ltlib_v1_0_0_match__parameterized0_48\'
INFO: [VRFC 10-3107] analyzing entity '\ltlib_v1_0_0_match__parameterized0_49\'
INFO: [VRFC 10-3107] analyzing entity '\ltlib_v1_0_0_match__parameterized1\'
INFO: [VRFC 10-3107] analyzing entity '\ltlib_v1_0_0_match__parameterized1_164\'
INFO: [VRFC 10-3107] analyzing entity '\ltlib_v1_0_0_match__parameterized1_42\'
INFO: [VRFC 10-3107] analyzing entity '\ltlib_v1_0_0_match__parameterized1_43\'
INFO: [VRFC 10-3107] analyzing entity '\ltlib_v1_0_0_match__parameterized2\'
INFO: [VRFC 10-3107] analyzing entity '\ltlib_v1_0_0_match__parameterized3\'
INFO: [VRFC 10-3107] analyzing entity '\ltlib_v1_0_0_match__parameterized4\'
INFO: [VRFC 10-3107] analyzing entity '\ltlib_v1_0_0_match__parameterized5\'
INFO: [VRFC 10-3107] analyzing entity 'ltlib_v1_0_0_match_nodelay'
INFO: [VRFC 10-3107] analyzing entity 'ltlib_v1_0_0_match_nodelay_131'
INFO: [VRFC 10-3107] analyzing entity 'ltlib_v1_0_0_match_nodelay_139'
INFO: [VRFC 10-3107] analyzing entity 'ltlib_v1_0_0_match_nodelay_259'
INFO: [VRFC 10-3107] analyzing entity 'ltlib_v1_0_0_match_nodelay_260'
INFO: [VRFC 10-3107] analyzing entity 'ltlib_v1_0_0_match_nodelay_272'
INFO: [VRFC 10-3107] analyzing entity 'fifo_generator_v13_1_4_synth'
INFO: [VRFC 10-3107] analyzing entity '\fifo_generator_v13_1_4_synth__parameterized0\'
INFO: [VRFC 10-3107] analyzing entity 'BD_wo_axi_axi_gpio_0_0'
INFO: [VRFC 10-3107] analyzing entity 'axi_gpio'
INFO: [VRFC 10-3107] analyzing entity '\axi_gpio__parameterized1\'
INFO: [VRFC 10-3107] analyzing entity '\axi_gpio__parameterized3\'
INFO: [VRFC 10-3107] analyzing entity '\axi_gpio__parameterized7\'
INFO: [VRFC 10-3107] analyzing entity 'axi_protocol_converter_v2_1_19_axi_protocol_converter'
INFO: [VRFC 10-3107] analyzing entity 'blk_mem_gen_v8_4_3_synth'
INFO: [VRFC 10-3107] analyzing entity '\blk_mem_gen_v8_4_3_synth__parameterized0\'
INFO: [VRFC 10-3107] analyzing entity '\blk_mem_gen_v8_4_3_synth__parameterized1\'
INFO: [VRFC 10-3107] analyzing entity 'fifo_generator_v13_2_4_synth'
INFO: [VRFC 10-3107] analyzing entity 'ila_v6_2_9_ila_cap_sample_counter'
INFO: [VRFC 10-3107] analyzing entity 'ila_v6_2_9_ila_cap_sample_counter_254'
INFO: [VRFC 10-3107] analyzing entity 'ila_v6_2_9_ila_cap_window_counter'
INFO: [VRFC 10-3107] analyzing entity 'ila_v6_2_9_ila_cap_window_counter_255'
INFO: [VRFC 10-3107] analyzing entity 'ila_v6_2_9_ila_trig_match'
INFO: [VRFC 10-3107] analyzing entity '\ila_v6_2_9_ila_trig_match__parameterized0\'
INFO: [VRFC 10-3107] analyzing entity 'fifo_generator_v13_1_4'
INFO: [VRFC 10-3107] analyzing entity '\fifo_generator_v13_1_4__parameterized0\'
INFO: [VRFC 10-3107] analyzing entity 'BD_wo_axi_Cmd_Out_0'
INFO: [VRFC 10-3107] analyzing entity 'BD_wo_axi_WR_Req_Out_0'
INFO: [VRFC 10-3107] analyzing entity 'BD_wo_axi_auto_pc_0'
INFO: [VRFC 10-3107] analyzing entity 'BD_wo_axi_axi_gpio_0_1'
INFO: [VRFC 10-3107] analyzing entity 'BD_wo_axi_axi_gpio_1_1'
INFO: [VRFC 10-3107] analyzing entity 'blk_mem_gen_v8_4_3'
INFO: [VRFC 10-3107] analyzing entity '\blk_mem_gen_v8_4_3__parameterized0\'
INFO: [VRFC 10-3107] analyzing entity '\blk_mem_gen_v8_4_3__parameterized2\'
INFO: [VRFC 10-3107] analyzing entity 'fifo_generator_v13_2_4'
INFO: [VRFC 10-3107] analyzing entity 'ila_v6_2_9_ila_cap_addrgen'
INFO: [VRFC 10-3107] analyzing entity 'ila_v6_2_9_ila_cap_addrgen_252'
INFO: [VRFC 10-3107] analyzing entity 'ila_v6_2_9_ila_trigger'
INFO: [VRFC 10-3107] analyzing entity '\ila_v6_2_9_ila_trigger__parameterized0\'
INFO: [VRFC 10-3107] analyzing entity 'xsdbm_v3_0_0_rdfifo'
INFO: [VRFC 10-3107] analyzing entity 'xsdbm_v3_0_0_wrfifo'
INFO: [VRFC 10-3107] analyzing entity 'axi_clock_converter_v2_1_18_axi_clock_converter'
INFO: [VRFC 10-3107] analyzing entity 's00_couplers_imp_17SVI4L'
INFO: [VRFC 10-3107] analyzing entity '\fifo_generator_v13_2_4_memory__parameterized3\'
INFO: [VRFC 10-3107] analyzing entity 'ila_v6_2_9_ila_cap_ctrl_legacy'
INFO: [VRFC 10-3107] analyzing entity 'ila_v6_2_9_ila_cap_ctrl_legacy_158'
INFO: [VRFC 10-3107] analyzing entity 'ila_v6_2_9_ila_trace_memory'
INFO: [VRFC 10-3107] analyzing entity '\ila_v6_2_9_ila_trace_memory__parameterized0\'
INFO: [VRFC 10-3107] analyzing entity 'xsdbm_v3_0_0_rdreg'
INFO: [VRFC 10-3107] analyzing entity 'xsdbm_v3_0_0_wrreg'
INFO: [VRFC 10-3107] analyzing entity 'BD_wo_axi_axi_clock_converter_0_0'
INFO: [VRFC 10-3107] analyzing entity 'BD_wo_axi_axi_interconnect_0_0'
INFO: [VRFC 10-3107] analyzing entity '\fifo_generator_v13_2_4_fifo_generator_ramfifo__parameterized3\'
INFO: [VRFC 10-3107] analyzing entity 'ila_v6_2_9_ila_core'
INFO: [VRFC 10-3107] analyzing entity '\ila_v6_2_9_ila_core__parameterized0\'
INFO: [VRFC 10-3107] analyzing entity 'xsdbm_v3_0_0_if'
INFO: [VRFC 10-3107] analyzing entity '\fifo_generator_v13_2_4_fifo_generator_top__parameterized3\'
INFO: [VRFC 10-3107] analyzing entity 'ila_v6_2_9_ila'
INFO: [VRFC 10-3107] analyzing entity '\ila_v6_2_9_ila__parameterized1\'
INFO: [VRFC 10-3107] analyzing entity 'xsdbm_v3_0_0_icon2xsdb'
INFO: [VRFC 10-3107] analyzing entity 'BD_wo_axi_ila_0_1'
INFO: [VRFC 10-3107] analyzing entity 'bd_abc7_ila_lib_0'
INFO: [VRFC 10-3107] analyzing entity '\fifo_generator_v13_2_4_synth__parameterized0\'
INFO: [VRFC 10-3107] analyzing entity 'xsdbm_v3_0_0_xsdbm_id'
INFO: [VRFC 10-3107] analyzing entity 'bd_abc7'
INFO: [VRFC 10-3107] analyzing entity '\fifo_generator_v13_2_4__parameterized1\'
INFO: [VRFC 10-3107] analyzing entity 'xsdbm_v3_0_0_xsdbm'
INFO: [VRFC 10-3107] analyzing entity 'BD_wo_axi_fifo_generator_0_0'
INFO: [VRFC 10-3107] analyzing entity 'BD_wo_axi_system_ila_0_0'
INFO: [VRFC 10-3107] analyzing entity 'dbg_hub'
INFO: [VRFC 10-3107] analyzing entity 'BD_wo_axi'
INFO: [VRFC 10-3107] analyzing entity 'BD_wo_axi_wrapper'
